0 info it worked if it ends with ok
1 verbose cli [ 'C:\\Program Files\\nodejs\\node.exe',
1 verbose cli   'C:\\Program Files\\nodejs\\node_modules\\npm\\bin\\npm-cli.js',
1 verbose cli   'i',
1 verbose cli   'ursa' ]
2 info using npm@3.10.10
3 info using node@v6.11.1
4 silly loadCurrentTree Starting
5 silly install loadCurrentTree
6 silly install readLocalPackageData
7 silly fetchPackageMetaData ursa
8 silly fetchNamedPackageData ursa
9 silly mapToRegistry name ursa
10 silly mapToRegistry using default registry
11 silly mapToRegistry registry https://registry.npmjs.org/
12 silly mapToRegistry data Result {
12 silly mapToRegistry   raw: 'ursa',
12 silly mapToRegistry   scope: null,
12 silly mapToRegistry   escapedName: 'ursa',
12 silly mapToRegistry   name: 'ursa',
12 silly mapToRegistry   rawSpec: '',
12 silly mapToRegistry   spec: 'latest',
12 silly mapToRegistry   type: 'tag' }
13 silly mapToRegistry uri https://registry.npmjs.org/ursa
14 verbose request uri https://registry.npmjs.org/ursa
15 verbose request no auth needed
16 info attempt registry request try #1 at 1:29:01 PM
17 verbose request id 98f9db7ff150a534
18 verbose etag W/"59708ad1-d407"
19 verbose lastModified Thu, 20 Jul 2017 10:49:53 GMT
20 http request GET https://registry.npmjs.org/ursa
21 http 304 https://registry.npmjs.org/ursa
22 verbose headers { date: 'Wed, 06 Sep 2017 16:29:00 GMT',
22 verbose headers   via: '1.1 varnish',
22 verbose headers   'cache-control': 'max-age=300',
22 verbose headers   etag: 'W/"59708ad1-d407"',
22 verbose headers   age: '11',
22 verbose headers   connection: 'keep-alive',
22 verbose headers   'x-served-by': 'cache-ewr18120-EWR',
22 verbose headers   'x-cache': 'HIT',
22 verbose headers   'x-cache-hits': '1',
22 verbose headers   'x-timer': 'S1504715341.945195,VS0,VE0',
22 verbose headers   vary: 'Accept-Encoding, Accept' }
23 silly get cb [ 304,
23 silly get   { date: 'Wed, 06 Sep 2017 16:29:00 GMT',
23 silly get     via: '1.1 varnish',
23 silly get     'cache-control': 'max-age=300',
23 silly get     etag: 'W/"59708ad1-d407"',
23 silly get     age: '11',
23 silly get     connection: 'keep-alive',
23 silly get     'x-served-by': 'cache-ewr18120-EWR',
23 silly get     'x-cache': 'HIT',
23 silly get     'x-cache-hits': '1',
23 silly get     'x-timer': 'S1504715341.945195,VS0,VE0',
23 silly get     vary: 'Accept-Encoding, Accept' } ]
24 verbose etag https://registry.npmjs.org/ursa from cache
25 verbose get saving ursa to C:\Users\RabahZeineddine\AppData\Roaming\npm-cache\registry.npmjs.org\ursa\.cache.json
26 verbose correctMkdir C:\Users\RabahZeineddine\AppData\Roaming\npm-cache correctMkdir not in flight; initializing
27 silly install normalizeTree
28 silly loadCurrentTree Finishing
29 silly loadIdealTree Starting
30 silly install loadIdealTree
31 silly cloneCurrentTree Starting
32 silly install cloneCurrentTreeToIdealTree
33 silly cloneCurrentTree Finishing
34 silly loadShrinkwrap Starting
35 silly install loadShrinkwrap
36 silly loadShrinkwrap Finishing
37 silly loadAllDepsIntoIdealTree Starting
38 silly install loadAllDepsIntoIdealTree
39 silly resolveWithNewModule ursa@0.9.4 checking installable status
40 silly cache add args [ 'ursa', null ]
41 verbose cache add spec ursa
42 silly cache add parsed spec Result {
42 silly cache add   raw: 'ursa',
42 silly cache add   scope: null,
42 silly cache add   escapedName: 'ursa',
42 silly cache add   name: 'ursa',
42 silly cache add   rawSpec: '',
42 silly cache add   spec: 'latest',
42 silly cache add   type: 'tag' }
43 silly addNamed ursa@latest
44 verbose addNamed "latest" is being treated as a dist-tag for ursa
45 info addNameTag [ 'ursa', 'latest' ]
46 silly mapToRegistry name ursa
47 silly mapToRegistry using default registry
48 silly mapToRegistry registry https://registry.npmjs.org/
49 silly mapToRegistry data Result {
49 silly mapToRegistry   raw: 'ursa',
49 silly mapToRegistry   scope: null,
49 silly mapToRegistry   escapedName: 'ursa',
49 silly mapToRegistry   name: 'ursa',
49 silly mapToRegistry   rawSpec: '',
49 silly mapToRegistry   spec: 'latest',
49 silly mapToRegistry   type: 'tag' }
50 silly mapToRegistry uri https://registry.npmjs.org/ursa
51 verbose addNameTag registry:https://registry.npmjs.org/ursa not in flight; fetching
52 verbose get https://registry.npmjs.org/ursa not expired, no request
53 silly addNameTag next cb for ursa with tag latest
54 silly addNamed ursa@0.9.4
55 verbose addNamed "0.9.4" is a plain semver version for ursa
56 silly cache afterAdd ursa@0.9.4
57 verbose afterAdd C:\Users\RabahZeineddine\AppData\Roaming\npm-cache\ursa\0.9.4\package\package.json not in flight; writing
58 verbose correctMkdir C:\Users\RabahZeineddine\AppData\Roaming\npm-cache correctMkdir not in flight; initializing
59 verbose afterAdd C:\Users\RabahZeineddine\AppData\Roaming\npm-cache\ursa\0.9.4\package\package.json written
60 silly fetchNamedPackageData bindings
61 silly mapToRegistry name bindings
62 silly mapToRegistry using default registry
63 silly mapToRegistry registry https://registry.npmjs.org/
64 silly mapToRegistry data Result {
64 silly mapToRegistry   raw: 'bindings',
64 silly mapToRegistry   scope: null,
64 silly mapToRegistry   escapedName: 'bindings',
64 silly mapToRegistry   name: 'bindings',
64 silly mapToRegistry   rawSpec: '',
64 silly mapToRegistry   spec: 'latest',
64 silly mapToRegistry   type: 'tag' }
65 silly mapToRegistry uri https://registry.npmjs.org/bindings
66 silly fetchNamedPackageData nan
67 silly mapToRegistry name nan
68 silly mapToRegistry using default registry
69 silly mapToRegistry registry https://registry.npmjs.org/
70 silly mapToRegistry data Result {
70 silly mapToRegistry   raw: 'nan',
70 silly mapToRegistry   scope: null,
70 silly mapToRegistry   escapedName: 'nan',
70 silly mapToRegistry   name: 'nan',
70 silly mapToRegistry   rawSpec: '',
70 silly mapToRegistry   spec: 'latest',
70 silly mapToRegistry   type: 'tag' }
71 silly mapToRegistry uri https://registry.npmjs.org/nan
72 verbose request uri https://registry.npmjs.org/bindings
73 verbose request no auth needed
74 info attempt registry request try #1 at 1:29:02 PM
75 verbose etag W/"59764778-4c05"
76 verbose lastModified Mon, 24 Jul 2017 19:16:08 GMT
77 http request GET https://registry.npmjs.org/bindings
78 verbose request uri https://registry.npmjs.org/nan
79 verbose request no auth needed
80 info attempt registry request try #1 at 1:29:02 PM
81 verbose etag W/"59a60a0b-20228"
82 verbose lastModified Wed, 30 Aug 2017 00:42:51 GMT
83 http request GET https://registry.npmjs.org/nan
84 http 304 https://registry.npmjs.org/nan
85 verbose headers { date: 'Wed, 06 Sep 2017 16:29:01 GMT',
85 verbose headers   via: '1.1 varnish',
85 verbose headers   'cache-control': 'max-age=300',
85 verbose headers   etag: 'W/"59a60a0b-20228"',
85 verbose headers   age: '67',
85 verbose headers   connection: 'keep-alive',
85 verbose headers   'x-served-by': 'cache-ewr18145-EWR',
85 verbose headers   'x-cache': 'HIT',
85 verbose headers   'x-cache-hits': '1',
85 verbose headers   'x-timer': 'S1504715342.507777,VS0,VE1',
85 verbose headers   vary: 'Accept-Encoding, Accept' }
86 silly get cb [ 304,
86 silly get   { date: 'Wed, 06 Sep 2017 16:29:01 GMT',
86 silly get     via: '1.1 varnish',
86 silly get     'cache-control': 'max-age=300',
86 silly get     etag: 'W/"59a60a0b-20228"',
86 silly get     age: '67',
86 silly get     connection: 'keep-alive',
86 silly get     'x-served-by': 'cache-ewr18145-EWR',
86 silly get     'x-cache': 'HIT',
86 silly get     'x-cache-hits': '1',
86 silly get     'x-timer': 'S1504715342.507777,VS0,VE1',
86 silly get     vary: 'Accept-Encoding, Accept' } ]
87 verbose etag https://registry.npmjs.org/nan from cache
88 verbose get saving nan to C:\Users\RabahZeineddine\AppData\Roaming\npm-cache\registry.npmjs.org\nan\.cache.json
89 verbose correctMkdir C:\Users\RabahZeineddine\AppData\Roaming\npm-cache correctMkdir not in flight; initializing
90 silly resolveWithNewModule nan@2.7.0 checking installable status
91 silly cache add args [ 'nan@^2.3.3', null ]
92 verbose cache add spec nan@^2.3.3
93 silly cache add parsed spec Result {
93 silly cache add   raw: 'nan@^2.3.3',
93 silly cache add   scope: null,
93 silly cache add   escapedName: 'nan',
93 silly cache add   name: 'nan',
93 silly cache add   rawSpec: '^2.3.3',
93 silly cache add   spec: '>=2.3.3 <3.0.0',
93 silly cache add   type: 'range' }
94 silly addNamed nan@>=2.3.3 <3.0.0
95 verbose addNamed ">=2.3.3 <3.0.0" is a valid semver range for nan
96 silly addNameRange { name: 'nan', range: '>=2.3.3 <3.0.0', hasData: false }
97 silly mapToRegistry name nan
98 silly mapToRegistry using default registry
99 silly mapToRegistry registry https://registry.npmjs.org/
100 silly mapToRegistry data Result {
100 silly mapToRegistry   raw: 'nan',
100 silly mapToRegistry   scope: null,
100 silly mapToRegistry   escapedName: 'nan',
100 silly mapToRegistry   name: 'nan',
100 silly mapToRegistry   rawSpec: '',
100 silly mapToRegistry   spec: 'latest',
100 silly mapToRegistry   type: 'tag' }
101 silly mapToRegistry uri https://registry.npmjs.org/nan
102 verbose addNameRange registry:https://registry.npmjs.org/nan not in flight; fetching
103 verbose get https://registry.npmjs.org/nan not expired, no request
104 silly addNameRange number 2 { name: 'nan', range: '>=2.3.3 <3.0.0', hasData: true }
105 silly addNameRange versions [ 'nan',
105 silly addNameRange   [ '0.3.0-wip',
105 silly addNameRange     '0.3.0-wip2',
105 silly addNameRange     '0.3.0',
105 silly addNameRange     '0.3.1',
105 silly addNameRange     '0.3.2',
105 silly addNameRange     '0.4.0',
105 silly addNameRange     '0.4.1',
105 silly addNameRange     '0.4.2',
105 silly addNameRange     '0.4.3',
105 silly addNameRange     '0.4.4',
105 silly addNameRange     '0.5.0',
105 silly addNameRange     '0.5.1',
105 silly addNameRange     '0.5.2',
105 silly addNameRange     '0.6.0',
105 silly addNameRange     '0.7.0',
105 silly addNameRange     '0.7.1',
105 silly addNameRange     '0.8.0',
105 silly addNameRange     '1.0.0',
105 silly addNameRange     '1.1.0',
105 silly addNameRange     '1.1.1',
105 silly addNameRange     '1.1.2',
105 silly addNameRange     '1.2.0',
105 silly addNameRange     '1.3.0',
105 silly addNameRange     '1.4.0',
105 silly addNameRange     '1.4.1',
105 silly addNameRange     '1.5.0',
105 silly addNameRange     '1.4.2',
105 silly addNameRange     '1.4.3',
105 silly addNameRange     '1.5.1',
105 silly addNameRange     '1.5.2',
105 silly addNameRange     '1.6.0',
105 silly addNameRange     '1.5.3',
105 silly addNameRange     '1.6.1',
105 silly addNameRange     '1.6.2',
105 silly addNameRange     '1.7.0',
105 silly addNameRange     '1.8.0',
105 silly addNameRange     '1.8.1',
105 silly addNameRange     '1.8.2',
105 silly addNameRange     '1.8.3',
105 silly addNameRange     '1.8.4',
105 silly addNameRange     '1.9.0',
105 silly addNameRange     '2.0.0',
105 silly addNameRange     '2.0.1',
105 silly addNameRange     '2.0.2',
105 silly addNameRange     '2.0.3',
105 silly addNameRange     '2.0.4',
105 silly addNameRange     '2.0.5',
105 silly addNameRange     '2.0.6',
105 silly addNameRange     '2.0.7',
105 silly addNameRange     '2.0.8',
105 silly addNameRange     '2.0.9',
105 silly addNameRange     '2.1.0',
105 silly addNameRange     '2.2.0',
105 silly addNameRange     '2.2.1',
105 silly addNameRange     '2.3.0',
105 silly addNameRange     '2.3.1',
105 silly addNameRange     '2.3.2',
105 silly addNameRange     '2.3.3',
105 silly addNameRange     '2.3.4',
105 silly addNameRange     '2.3.5',
105 silly addNameRange     '2.4.0',
105 silly addNameRange     '2.5.0',
105 silly addNameRange     '2.5.1',
105 silly addNameRange     '2.6.0',
105 silly addNameRange     '2.6.1',
105 silly addNameRange     '2.6.2',
105 silly addNameRange     '2.7.0' ] ]
106 silly addNamed nan@2.7.0
107 verbose addNamed "2.7.0" is a plain semver version for nan
108 silly cache afterAdd nan@2.7.0
109 verbose afterAdd C:\Users\RabahZeineddine\AppData\Roaming\npm-cache\nan\2.7.0\package\package.json not in flight; writing
110 verbose correctMkdir C:\Users\RabahZeineddine\AppData\Roaming\npm-cache correctMkdir not in flight; initializing
111 verbose afterAdd C:\Users\RabahZeineddine\AppData\Roaming\npm-cache\nan\2.7.0\package\package.json written
112 http 304 https://registry.npmjs.org/bindings
113 verbose headers { date: 'Wed, 06 Sep 2017 16:29:01 GMT',
113 verbose headers   via: '1.1 varnish',
113 verbose headers   'cache-control': 'max-age=300',
113 verbose headers   etag: 'W/"59764778-4c05"',
113 verbose headers   age: '0',
113 verbose headers   connection: 'keep-alive',
113 verbose headers   'x-served-by': 'cache-ewr18120-EWR',
113 verbose headers   'x-cache': 'HIT',
113 verbose headers   'x-cache-hits': '1',
113 verbose headers   'x-timer': 'S1504715341.230352,VS0,VE328',
113 verbose headers   vary: 'Accept-Encoding, Accept' }
114 silly get cb [ 304,
114 silly get   { date: 'Wed, 06 Sep 2017 16:29:01 GMT',
114 silly get     via: '1.1 varnish',
114 silly get     'cache-control': 'max-age=300',
114 silly get     etag: 'W/"59764778-4c05"',
114 silly get     age: '0',
114 silly get     connection: 'keep-alive',
114 silly get     'x-served-by': 'cache-ewr18120-EWR',
114 silly get     'x-cache': 'HIT',
114 silly get     'x-cache-hits': '1',
114 silly get     'x-timer': 'S1504715341.230352,VS0,VE328',
114 silly get     vary: 'Accept-Encoding, Accept' } ]
115 verbose etag https://registry.npmjs.org/bindings from cache
116 verbose get saving bindings to C:\Users\RabahZeineddine\AppData\Roaming\npm-cache\registry.npmjs.org\bindings\.cache.json
117 verbose correctMkdir C:\Users\RabahZeineddine\AppData\Roaming\npm-cache correctMkdir not in flight; initializing
118 silly resolveWithNewModule bindings@1.3.0 checking installable status
119 silly cache add args [ 'bindings@^1.2.1', null ]
120 verbose cache add spec bindings@^1.2.1
121 silly cache add parsed spec Result {
121 silly cache add   raw: 'bindings@^1.2.1',
121 silly cache add   scope: null,
121 silly cache add   escapedName: 'bindings',
121 silly cache add   name: 'bindings',
121 silly cache add   rawSpec: '^1.2.1',
121 silly cache add   spec: '>=1.2.1 <2.0.0',
121 silly cache add   type: 'range' }
122 silly addNamed bindings@>=1.2.1 <2.0.0
123 verbose addNamed ">=1.2.1 <2.0.0" is a valid semver range for bindings
124 silly addNameRange { name: 'bindings', range: '>=1.2.1 <2.0.0', hasData: false }
125 silly mapToRegistry name bindings
126 silly mapToRegistry using default registry
127 silly mapToRegistry registry https://registry.npmjs.org/
128 silly mapToRegistry data Result {
128 silly mapToRegistry   raw: 'bindings',
128 silly mapToRegistry   scope: null,
128 silly mapToRegistry   escapedName: 'bindings',
128 silly mapToRegistry   name: 'bindings',
128 silly mapToRegistry   rawSpec: '',
128 silly mapToRegistry   spec: 'latest',
128 silly mapToRegistry   type: 'tag' }
129 silly mapToRegistry uri https://registry.npmjs.org/bindings
130 verbose addNameRange registry:https://registry.npmjs.org/bindings not in flight; fetching
131 verbose get https://registry.npmjs.org/bindings not expired, no request
132 silly addNameRange number 2 { name: 'bindings', range: '>=1.2.1 <2.0.0', hasData: true }
133 silly addNameRange versions [ 'bindings',
133 silly addNameRange   [ '0.0.1',
133 silly addNameRange     '0.1.0',
133 silly addNameRange     '0.1.1',
133 silly addNameRange     '0.2.0',
133 silly addNameRange     '0.2.1',
133 silly addNameRange     '0.2.2',
133 silly addNameRange     '0.2.3',
133 silly addNameRange     '0.2.4',
133 silly addNameRange     '0.3.0',
133 silly addNameRange     '0.4.0',
133 silly addNameRange     '1.0.0',
133 silly addNameRange     '1.1.0',
133 silly addNameRange     '1.1.1',
133 silly addNameRange     '1.2.0',
133 silly addNameRange     '1.2.1',
133 silly addNameRange     '1.3.0' ] ]
134 silly addNamed bindings@1.3.0
135 verbose addNamed "1.3.0" is a plain semver version for bindings
136 silly cache afterAdd bindings@1.3.0
137 verbose afterAdd C:\Users\RabahZeineddine\AppData\Roaming\npm-cache\bindings\1.3.0\package\package.json not in flight; writing
138 verbose correctMkdir C:\Users\RabahZeineddine\AppData\Roaming\npm-cache correctMkdir not in flight; initializing
139 verbose afterAdd C:\Users\RabahZeineddine\AppData\Roaming\npm-cache\bindings\1.3.0\package\package.json written
140 silly loadAllDepsIntoIdealTree Finishing
141 silly loadIdealTree Finishing
142 silly currentTree hashgenerator@1.0.0
142 silly currentTree +-- accepts@1.3.4
142 silly currentTree +-- array-flatten@1.1.1
142 silly currentTree +-- body-parser@1.17.2
142 silly currentTree +-- bytes@2.4.0
142 silly currentTree +-- content-disposition@0.5.2
142 silly currentTree +-- content-type@1.0.2
142 silly currentTree +-- cookie-signature@1.0.6
142 silly currentTree +-- cookie@0.3.1
142 silly currentTree +-- debug@2.6.7
142 silly currentTree +-- depd@1.1.1
142 silly currentTree +-- destroy@1.0.4
142 silly currentTree +-- ee-first@1.1.1
142 silly currentTree +-- encodeurl@1.0.1
142 silly currentTree +-- escape-html@1.0.3
142 silly currentTree +-- etag@1.8.0
142 silly currentTree +-- express@4.15.4
142 silly currentTree | +-- debug@2.6.8
142 silly currentTree | `-- qs@6.5.0
142 silly currentTree +-- finalhandler@1.0.4
142 silly currentTree | `-- debug@2.6.8
142 silly currentTree +-- forwarded@0.1.0
142 silly currentTree +-- fresh@0.5.0
142 silly currentTree +-- http-errors@1.6.2
142 silly currentTree +-- iconv-lite@0.4.15
142 silly currentTree +-- inherits@2.0.3
142 silly currentTree +-- ipaddr.js@1.4.0
142 silly currentTree +-- media-typer@0.3.0
142 silly currentTree +-- merge-descriptors@1.0.1
142 silly currentTree +-- methods@1.1.2
142 silly currentTree +-- mime-db@1.30.0
142 silly currentTree +-- mime-types@2.1.17
142 silly currentTree +-- mime@1.3.4
142 silly currentTree +-- ms@2.0.0
142 silly currentTree +-- negotiator@0.6.1
142 silly currentTree +-- on-finished@2.3.0
142 silly currentTree +-- parseurl@1.3.1
142 silly currentTree +-- path-to-regexp@0.1.7
142 silly currentTree +-- proxy-addr@1.1.5
142 silly currentTree +-- qs@6.4.0
142 silly currentTree +-- range-parser@1.2.0
142 silly currentTree +-- raw-body@2.2.0
142 silly currentTree +-- send@0.15.4
142 silly currentTree | `-- debug@2.6.8
142 silly currentTree +-- serve-static@1.12.4
142 silly currentTree +-- setprototypeof@1.0.3
142 silly currentTree +-- statuses@1.3.1
142 silly currentTree +-- type-is@1.6.15
142 silly currentTree +-- unpipe@1.0.0
142 silly currentTree +-- utils-merge@1.0.0
142 silly currentTree `-- vary@1.1.1
143 silly idealTree hashgenerator@1.0.0
143 silly idealTree +-- accepts@1.3.4
143 silly idealTree +-- array-flatten@1.1.1
143 silly idealTree +-- bindings@1.3.0
143 silly idealTree +-- body-parser@1.17.2
143 silly idealTree +-- bytes@2.4.0
143 silly idealTree +-- content-disposition@0.5.2
143 silly idealTree +-- content-type@1.0.2
143 silly idealTree +-- cookie-signature@1.0.6
143 silly idealTree +-- cookie@0.3.1
143 silly idealTree +-- debug@2.6.7
143 silly idealTree +-- depd@1.1.1
143 silly idealTree +-- destroy@1.0.4
143 silly idealTree +-- ee-first@1.1.1
143 silly idealTree +-- encodeurl@1.0.1
143 silly idealTree +-- escape-html@1.0.3
143 silly idealTree +-- etag@1.8.0
143 silly idealTree +-- express@4.15.4
143 silly idealTree | +-- debug@2.6.8
143 silly idealTree | `-- qs@6.5.0
143 silly idealTree +-- finalhandler@1.0.4
143 silly idealTree | `-- debug@2.6.8
143 silly idealTree +-- forwarded@0.1.0
143 silly idealTree +-- fresh@0.5.0
143 silly idealTree +-- http-errors@1.6.2
143 silly idealTree +-- iconv-lite@0.4.15
143 silly idealTree +-- inherits@2.0.3
143 silly idealTree +-- ipaddr.js@1.4.0
143 silly idealTree +-- media-typer@0.3.0
143 silly idealTree +-- merge-descriptors@1.0.1
143 silly idealTree +-- methods@1.1.2
143 silly idealTree +-- mime-db@1.30.0
143 silly idealTree +-- mime-types@2.1.17
143 silly idealTree +-- mime@1.3.4
143 silly idealTree +-- ms@2.0.0
143 silly idealTree +-- nan@2.7.0
143 silly idealTree +-- negotiator@0.6.1
143 silly idealTree +-- on-finished@2.3.0
143 silly idealTree +-- parseurl@1.3.1
143 silly idealTree +-- path-to-regexp@0.1.7
143 silly idealTree +-- proxy-addr@1.1.5
143 silly idealTree +-- qs@6.4.0
143 silly idealTree +-- range-parser@1.2.0
143 silly idealTree +-- raw-body@2.2.0
143 silly idealTree +-- send@0.15.4
143 silly idealTree | `-- debug@2.6.8
143 silly idealTree +-- serve-static@1.12.4
143 silly idealTree +-- setprototypeof@1.0.3
143 silly idealTree +-- statuses@1.3.1
143 silly idealTree +-- type-is@1.6.15
143 silly idealTree +-- unpipe@1.0.0
143 silly idealTree +-- ursa@0.9.4
143 silly idealTree +-- utils-merge@1.0.0
143 silly idealTree `-- vary@1.1.1
144 silly generateActionsToTake Starting
145 silly install generateActionsToTake
146 silly generateActionsToTake Finishing
147 silly diffTrees action count 3
148 silly diffTrees add bindings@1.3.0
149 silly diffTrees add nan@2.7.0
150 silly diffTrees add ursa@0.9.4
151 silly decomposeActions action count 24
152 silly decomposeActions fetch bindings@1.3.0
153 silly decomposeActions extract bindings@1.3.0
154 silly decomposeActions test bindings@1.3.0
155 silly decomposeActions preinstall bindings@1.3.0
156 silly decomposeActions build bindings@1.3.0
157 silly decomposeActions install bindings@1.3.0
158 silly decomposeActions postinstall bindings@1.3.0
159 silly decomposeActions finalize bindings@1.3.0
160 silly decomposeActions fetch nan@2.7.0
161 silly decomposeActions extract nan@2.7.0
162 silly decomposeActions test nan@2.7.0
163 silly decomposeActions preinstall nan@2.7.0
164 silly decomposeActions build nan@2.7.0
165 silly decomposeActions install nan@2.7.0
166 silly decomposeActions postinstall nan@2.7.0
167 silly decomposeActions finalize nan@2.7.0
168 silly decomposeActions fetch ursa@0.9.4
169 silly decomposeActions extract ursa@0.9.4
170 silly decomposeActions test ursa@0.9.4
171 silly decomposeActions preinstall ursa@0.9.4
172 silly decomposeActions build ursa@0.9.4
173 silly decomposeActions install ursa@0.9.4
174 silly decomposeActions postinstall ursa@0.9.4
175 silly decomposeActions finalize ursa@0.9.4
176 silly runTopLevelLifecycles Starting
177 silly executeActions Starting
178 silly install executeActions
179 silly doSerial global-install 0
180 silly doParallel fetch 3
181 verbose correctMkdir C:\Users\RabahZeineddine\AppData\Roaming\npm-cache\_locks correctMkdir not in flight; initializing
182 verbose lock using C:\Users\RabahZeineddine\AppData\Roaming\npm-cache\_locks\staging-4fd66d71c906c1a4.lock for D:\IBM\HashGenerator\node_modules\.staging
183 silly doParallel extract 3
184 silly extract bindings@1.3.0
185 silly extract nan@2.7.0
186 silly extract ursa@0.9.4
187 verbose unbuild node_modules\.staging\nan-f6dd5090
188 verbose unbuild node_modules\.staging\bindings-d2f7c04f
189 verbose unbuild node_modules\.staging\ursa-16fa58a1
190 silly gentlyRm D:\IBM\HashGenerator\node_modules\.staging\nan-f6dd5090 is being purged from base D:\IBM\HashGenerator
191 verbose gentlyRm don't care about contents; nuking D:\IBM\HashGenerator\node_modules\.staging\nan-f6dd5090
192 silly gentlyRm D:\IBM\HashGenerator\node_modules\.staging\bindings-d2f7c04f is being purged from base D:\IBM\HashGenerator
193 verbose gentlyRm don't care about contents; nuking D:\IBM\HashGenerator\node_modules\.staging\bindings-d2f7c04f
194 verbose tar unpack C:\Users\RabahZeineddine\AppData\Roaming\npm-cache\nan\2.7.0\package.tgz
195 verbose tar unpacking to D:\IBM\HashGenerator\node_modules\.staging\nan-f6dd5090
196 silly gentlyRm D:\IBM\HashGenerator\node_modules\.staging\nan-f6dd5090 is being purged
197 verbose gentlyRm don't care about contents; nuking D:\IBM\HashGenerator\node_modules\.staging\nan-f6dd5090
198 silly gentlyRm D:\IBM\HashGenerator\node_modules\.staging\ursa-16fa58a1 is being purged from base D:\IBM\HashGenerator
199 verbose gentlyRm don't care about contents; nuking D:\IBM\HashGenerator\node_modules\.staging\ursa-16fa58a1
200 verbose tar unpack C:\Users\RabahZeineddine\AppData\Roaming\npm-cache\bindings\1.3.0\package.tgz
201 verbose tar unpacking to D:\IBM\HashGenerator\node_modules\.staging\bindings-d2f7c04f
202 silly gentlyRm D:\IBM\HashGenerator\node_modules\.staging\bindings-d2f7c04f is being purged
203 verbose gentlyRm don't care about contents; nuking D:\IBM\HashGenerator\node_modules\.staging\bindings-d2f7c04f
204 silly gunzTarPerm modes [ '777', '666' ]
205 verbose tar unpack C:\Users\RabahZeineddine\AppData\Roaming\npm-cache\ursa\0.9.4\package.tgz
206 verbose tar unpacking to D:\IBM\HashGenerator\node_modules\.staging\ursa-16fa58a1
207 silly gentlyRm D:\IBM\HashGenerator\node_modules\.staging\ursa-16fa58a1 is being purged
208 verbose gentlyRm don't care about contents; nuking D:\IBM\HashGenerator\node_modules\.staging\ursa-16fa58a1
209 silly gunzTarPerm modes [ '777', '666' ]
210 silly gunzTarPerm modes [ '777', '666' ]
211 silly gunzTarPerm extractEntry package.json
212 silly gunzTarPerm modified mode [ 'package.json', 436, 438 ]
213 silly gunzTarPerm extractEntry package.json
214 silly gunzTarPerm modified mode [ 'package.json', 420, 438 ]
215 silly gunzTarPerm extractEntry package.json
216 silly gunzTarPerm modified mode [ 'package.json', 420, 438 ]
217 silly gunzTarPerm extractEntry README.md
218 silly gunzTarPerm modified mode [ 'README.md', 436, 438 ]
219 silly gunzTarPerm extractEntry include_dirs.js
220 silly gunzTarPerm modified mode [ 'include_dirs.js', 436, 438 ]
221 silly gunzTarPerm extractEntry README.md
222 silly gunzTarPerm modified mode [ 'README.md', 420, 438 ]
223 silly gunzTarPerm extractEntry bindings.js
224 silly gunzTarPerm modified mode [ 'bindings.js', 420, 438 ]
225 silly gunzTarPerm extractEntry .npmignore
226 silly gunzTarPerm modified mode [ '.npmignore', 420, 438 ]
227 silly gunzTarPerm extractEntry README.md
228 silly gunzTarPerm modified mode [ 'README.md', 420, 438 ]
229 silly gunzTarPerm extractEntry nan_converters_43_inl.h
230 silly gunzTarPerm modified mode [ 'nan_converters_43_inl.h', 436, 438 ]
231 silly gunzTarPerm extractEntry LICENSE.md
232 silly gunzTarPerm modified mode [ 'LICENSE.md', 436, 438 ]
233 silly gunzTarPerm extractEntry doc/new.md
234 silly gunzTarPerm modified mode [ 'doc/new.md', 436, 438 ]
235 silly gunzTarPerm extractEntry binding.gyp
236 silly gunzTarPerm modified mode [ 'binding.gyp', 420, 438 ]
237 silly gunzTarPerm extractEntry doc/asyncworker.md
238 silly gunzTarPerm modified mode [ 'doc/asyncworker.md', 436, 438 ]
239 silly gunzTarPerm extractEntry .travis.yml
240 silly gunzTarPerm modified mode [ '.travis.yml', 420, 438 ]
241 silly gunzTarPerm extractEntry lib/ursa.js
242 silly gunzTarPerm modified mode [ 'lib/ursa.js', 420, 438 ]
243 silly gunzTarPerm extractEntry src/ursaNative.cc
244 silly gunzTarPerm modified mode [ 'src/ursaNative.cc', 420, 438 ]
245 silly gunzTarPerm extractEntry src/ursaNative.h
246 silly gunzTarPerm modified mode [ 'src/ursaNative.h', 420, 438 ]
247 silly gunzTarPerm extractEntry doc/callback.md
248 silly gunzTarPerm modified mode [ 'doc/callback.md', 436, 438 ]
249 silly gunzTarPerm extractEntry doc/converters.md
250 silly gunzTarPerm modified mode [ 'doc/converters.md', 436, 438 ]
251 silly gunzTarPerm extractEntry doc/errors.md
252 silly gunzTarPerm modified mode [ 'doc/errors.md', 436, 438 ]
253 silly gunzTarPerm extractEntry doc/json.md
254 silly gunzTarPerm modified mode [ 'doc/json.md', 436, 438 ]
255 silly gunzTarPerm extractEntry LICENSE.txt
256 silly gunzTarPerm modified mode [ 'LICENSE.txt', 420, 438 ]
257 silly gunzTarPerm extractEntry test/fixture.js
258 silly gunzTarPerm modified mode [ 'test/fixture.js', 420, 438 ]
259 silly gunzTarPerm extractEntry doc/maybe_types.md
260 silly gunzTarPerm modified mode [ 'doc/maybe_types.md', 436, 438 ]
261 silly gunzTarPerm extractEntry doc/methods.md
262 silly gunzTarPerm modified mode [ 'doc/methods.md', 436, 438 ]
263 silly gunzTarPerm extractEntry test/native.js
264 silly gunzTarPerm modified mode [ 'test/native.js', 420, 438 ]
265 silly gunzTarPerm extractEntry test/test.js
266 silly gunzTarPerm modified mode [ 'test/test.js', 420, 438 ]
267 silly gentlyRm D:\IBM\HashGenerator\node_modules\.staging\bindings-d2f7c04f\node_modules is being purged
268 verbose gentlyRm don't care about contents; nuking D:\IBM\HashGenerator\node_modules\.staging\bindings-d2f7c04f\node_modules
269 silly gunzTarPerm extractEntry test/blort.pub
270 silly gunzTarPerm modified mode [ 'test/blort.pub', 420, 438 ]
271 silly gunzTarPerm extractEntry test/blort.sshpub
272 silly gunzTarPerm modified mode [ 'test/blort.sshpub', 420, 438 ]
273 silly gunzTarPerm extractEntry test/blort-pass.pem
274 silly gunzTarPerm modified mode [ 'test/blort-pass.pem', 420, 438 ]
275 silly gunzTarPerm extractEntry test/another_zorch.pem
276 silly gunzTarPerm modified mode [ 'test/another_zorch.pem', 420, 438 ]
277 silly gunzTarPerm extractEntry doc/buffers.md
278 silly gunzTarPerm modified mode [ 'doc/buffers.md', 436, 438 ]
279 silly gunzTarPerm extractEntry doc/node_misc.md
280 silly gunzTarPerm modified mode [ 'doc/node_misc.md', 436, 438 ]
281 silly gunzTarPerm extractEntry doc/object_wrappers.md
282 silly gunzTarPerm modified mode [ 'doc/object_wrappers.md', 436, 438 ]
283 silly gunzTarPerm extractEntry doc/persistent.md
284 silly gunzTarPerm modified mode [ 'doc/persistent.md', 436, 438 ]
285 silly gunzTarPerm extractEntry test/pss_tv.pub
286 silly gunzTarPerm modified mode [ 'test/pss_tv.pub', 420, 438 ]
287 silly gunzTarPerm extractEntry test/blort.pem
288 silly gunzTarPerm modified mode [ 'test/blort.pem', 420, 438 ]
289 silly gunzTarPerm extractEntry test/zorch.pem
290 silly gunzTarPerm modified mode [ 'test/zorch.pem', 420, 438 ]
291 silly gunzTarPerm extractEntry test/zorch.pub
292 silly gunzTarPerm modified mode [ 'test/zorch.pub', 420, 438 ]
293 silly gunzTarPerm extractEntry doc/scopes.md
294 silly gunzTarPerm modified mode [ 'doc/scopes.md', 436, 438 ]
295 silly gunzTarPerm extractEntry doc/script.md
296 silly gunzTarPerm modified mode [ 'doc/script.md', 436, 438 ]
297 silly gunzTarPerm extractEntry doc/string_bytes.md
298 silly gunzTarPerm modified mode [ 'doc/string_bytes.md', 436, 438 ]
299 silly gunzTarPerm extractEntry doc/v8_internals.md
300 silly gunzTarPerm modified mode [ 'doc/v8_internals.md', 436, 438 ]
301 silly gunzTarPerm extractEntry doc/v8_misc.md
302 silly gunzTarPerm modified mode [ 'doc/v8_misc.md', 436, 438 ]
303 silly gunzTarPerm extractEntry nan.h
304 silly gunzTarPerm modified mode [ 'nan.h', 436, 438 ]
305 silly gunzTarPerm extractEntry nan_callbacks.h
306 silly gunzTarPerm modified mode [ 'nan_callbacks.h', 436, 438 ]
307 silly gunzTarPerm extractEntry nan_callbacks_12_inl.h
308 silly gunzTarPerm modified mode [ 'nan_callbacks_12_inl.h', 436, 438 ]
309 silly gunzTarPerm extractEntry nan_callbacks_pre_12_inl.h
310 silly gunzTarPerm modified mode [ 'nan_callbacks_pre_12_inl.h', 436, 438 ]
311 silly gunzTarPerm extractEntry nan_converters.h
312 silly gunzTarPerm modified mode [ 'nan_converters.h', 436, 438 ]
313 silly gunzTarPerm extractEntry nan_converters_pre_43_inl.h
314 silly gunzTarPerm modified mode [ 'nan_converters_pre_43_inl.h', 436, 438 ]
315 silly gunzTarPerm extractEntry nan_implementation_12_inl.h
316 silly gunzTarPerm modified mode [ 'nan_implementation_12_inl.h', 436, 438 ]
317 silly gunzTarPerm extractEntry nan_implementation_pre_12_inl.h
318 silly gunzTarPerm modified mode [ 'nan_implementation_pre_12_inl.h', 436, 438 ]
319 silly gunzTarPerm extractEntry nan_json.h
320 silly gunzTarPerm modified mode [ 'nan_json.h', 436, 438 ]
321 silly gunzTarPerm extractEntry nan_maybe_43_inl.h
322 silly gunzTarPerm modified mode [ 'nan_maybe_43_inl.h', 436, 438 ]
323 silly gunzTarPerm extractEntry nan_maybe_pre_43_inl.h
324 silly gunzTarPerm modified mode [ 'nan_maybe_pre_43_inl.h', 436, 438 ]
325 silly gunzTarPerm extractEntry nan_new.h
326 silly gunzTarPerm modified mode [ 'nan_new.h', 436, 438 ]
327 silly gunzTarPerm extractEntry nan_object_wrap.h
328 silly gunzTarPerm modified mode [ 'nan_object_wrap.h', 436, 438 ]
329 silly gunzTarPerm extractEntry nan_persistent_12_inl.h
330 silly gunzTarPerm modified mode [ 'nan_persistent_12_inl.h', 436, 438 ]
331 silly gunzTarPerm extractEntry nan_persistent_pre_12_inl.h
332 silly gunzTarPerm modified mode [ 'nan_persistent_pre_12_inl.h', 436, 438 ]
333 silly gunzTarPerm extractEntry nan_private.h
334 silly gunzTarPerm modified mode [ 'nan_private.h', 436, 438 ]
335 silly gunzTarPerm extractEntry nan_string_bytes.h
336 silly gunzTarPerm modified mode [ 'nan_string_bytes.h', 436, 438 ]
337 silly gunzTarPerm extractEntry nan_typedarray_contents.h
338 silly gunzTarPerm modified mode [ 'nan_typedarray_contents.h', 436, 438 ]
339 silly gunzTarPerm extractEntry nan_weak.h
340 silly gunzTarPerm modified mode [ 'nan_weak.h', 436, 438 ]
341 silly gunzTarPerm extractEntry CHANGELOG.md
342 silly gunzTarPerm modified mode [ 'CHANGELOG.md', 436, 438 ]
343 silly gunzTarPerm extractEntry tools/package.json
344 silly gunzTarPerm modified mode [ 'tools/package.json', 436, 438 ]
345 silly gunzTarPerm extractEntry tools/README.md
346 silly gunzTarPerm modified mode [ 'tools/README.md', 436, 438 ]
347 silly gunzTarPerm extractEntry tools/1to2.js
348 silly gunzTarPerm modified mode [ 'tools/1to2.js', 509, 511 ]
349 silly gentlyRm D:\IBM\HashGenerator\node_modules\.staging\ursa-16fa58a1\node_modules is being purged
350 verbose gentlyRm don't care about contents; nuking D:\IBM\HashGenerator\node_modules\.staging\ursa-16fa58a1\node_modules
351 silly gentlyRm D:\IBM\HashGenerator\node_modules\.staging\nan-f6dd5090\node_modules is being purged
352 verbose gentlyRm don't care about contents; nuking D:\IBM\HashGenerator\node_modules\.staging\nan-f6dd5090\node_modules
353 silly doParallel preinstall 3
354 silly preinstall bindings@1.3.0 D:\IBM\HashGenerator\node_modules\.staging\bindings-d2f7c04f
355 info lifecycle bindings@1.3.0~preinstall: bindings@1.3.0
356 silly preinstall nan@2.7.0 D:\IBM\HashGenerator\node_modules\.staging\nan-f6dd5090
357 info lifecycle nan@2.7.0~preinstall: nan@2.7.0
358 silly preinstall ursa@0.9.4 D:\IBM\HashGenerator\node_modules\.staging\ursa-16fa58a1
359 info lifecycle ursa@0.9.4~preinstall: ursa@0.9.4
360 silly lifecycle bindings@1.3.0~preinstall: no script for preinstall, continuing
361 silly lifecycle ursa@0.9.4~preinstall: no script for preinstall, continuing
362 silly lifecycle nan@2.7.0~preinstall: no script for preinstall, continuing
363 silly doReverseSerial remove 0
364 silly doSerial move 0
365 silly doSerial finalize 3
366 silly finalize D:\IBM\HashGenerator\node_modules\bindings
367 silly finalize D:\IBM\HashGenerator\node_modules\nan
368 silly finalize D:\IBM\HashGenerator\node_modules\ursa
369 silly doSerial build 3
370 silly build bindings@1.3.0
371 info linkStuff bindings@1.3.0
372 silly linkStuff bindings@1.3.0 has D:\IBM\HashGenerator\node_modules as its parent node_modules
373 verbose linkBins bindings@1.3.0
374 verbose linkMans bindings@1.3.0
375 silly build nan@2.7.0
376 info linkStuff nan@2.7.0
377 silly linkStuff nan@2.7.0 has D:\IBM\HashGenerator\node_modules as its parent node_modules
378 verbose linkBins nan@2.7.0
379 verbose linkMans nan@2.7.0
380 silly build ursa@0.9.4
381 info linkStuff ursa@0.9.4
382 silly linkStuff ursa@0.9.4 has D:\IBM\HashGenerator\node_modules as its parent node_modules
383 verbose linkBins ursa@0.9.4
384 verbose linkMans ursa@0.9.4
385 silly doSerial global-link 0
386 silly doParallel update-linked 0
387 silly doSerial install 3
388 silly install bindings@1.3.0 D:\IBM\HashGenerator\node_modules\.staging\bindings-d2f7c04f
389 info lifecycle bindings@1.3.0~install: bindings@1.3.0
390 silly lifecycle bindings@1.3.0~install: no script for install, continuing
391 silly install nan@2.7.0 D:\IBM\HashGenerator\node_modules\.staging\nan-f6dd5090
392 info lifecycle nan@2.7.0~install: nan@2.7.0
393 silly lifecycle nan@2.7.0~install: no script for install, continuing
394 silly install ursa@0.9.4 D:\IBM\HashGenerator\node_modules\.staging\ursa-16fa58a1
395 info lifecycle ursa@0.9.4~install: ursa@0.9.4
396 verbose lifecycle ursa@0.9.4~install: unsafe-perm in lifecycle true
397 verbose lifecycle ursa@0.9.4~install: PATH: C:\Program Files\nodejs\node_modules\npm\bin\node-gyp-bin;D:\IBM\HashGenerator\node_modules\ursa\node_modules\.bin;D:\IBM\HashGenerator\node_modules\.bin;C:\ProgramData\Oracle\Java\javapath;C:\windows\system32;C:\windows;C:\windows\System32\Wbem;C:\windows\System32\WindowsPowerShell\v1.0\;C:\Program Files\nodejs\;C:\Program Files\Git\cmd;C:\Program Files (x86)\GtkSharp\2.12\bin;C:\Program Files\Cloud Foundry;C:\Users\RabahZeineddine\AppData\Local\Microsoft\WindowsApps;C:\Users\RabahZeineddine\AppData\Roaming\npm;C:\Program Files (x86)\Microsoft VS Code\bin
398 verbose lifecycle ursa@0.9.4~install: CWD: D:\IBM\HashGenerator\node_modules\ursa
399 silly lifecycle ursa@0.9.4~install: Args: [ '/d /s /c', 'node-gyp rebuild' ]
400 silly lifecycle ursa@0.9.4~install: Returned: code: 1  signal: null
401 info lifecycle ursa@0.9.4~install: Failed to exec install script
402 verbose unlock done using C:\Users\RabahZeineddine\AppData\Roaming\npm-cache\_locks\staging-4fd66d71c906c1a4.lock for D:\IBM\HashGenerator\node_modules\.staging
403 silly rollbackFailedOptional Starting
404 silly rollbackFailedOptional Finishing
405 silly runTopLevelLifecycles Finishing
406 silly install printInstalled
407 warn hashgenerator@1.0.0 No description
408 verbose If you need help, you may report this error at:
408 verbose     <https://github.com/npm/npm/issues>
409 warn hashgenerator@1.0.0 No repository field.
410 verbose If you need help, you may report this error at:
410 verbose     <https://github.com/npm/npm/issues>
411 verbose stack Error: ursa@0.9.4 install: `node-gyp rebuild`
411 verbose stack Exit status 1
411 verbose stack     at EventEmitter.<anonymous> (C:\Program Files\nodejs\node_modules\npm\lib\utils\lifecycle.js:255:16)
411 verbose stack     at emitTwo (events.js:106:13)
411 verbose stack     at EventEmitter.emit (events.js:191:7)
411 verbose stack     at ChildProcess.<anonymous> (C:\Program Files\nodejs\node_modules\npm\lib\utils\spawn.js:40:14)
411 verbose stack     at emitTwo (events.js:106:13)
411 verbose stack     at ChildProcess.emit (events.js:191:7)
411 verbose stack     at maybeClose (internal/child_process.js:891:16)
411 verbose stack     at Process.ChildProcess._handle.onexit (internal/child_process.js:226:5)
412 verbose pkgid ursa@0.9.4
413 verbose cwd D:\IBM\HashGenerator
414 error Windows_NT 10.0.14393
415 error argv "C:\\Program Files\\nodejs\\node.exe" "C:\\Program Files\\nodejs\\node_modules\\npm\\bin\\npm-cli.js" "i" "ursa"
416 error node v6.11.1
417 error npm  v3.10.10
418 error code ELIFECYCLE
419 error ursa@0.9.4 install: `node-gyp rebuild`
419 error Exit status 1
420 error Failed at the ursa@0.9.4 install script 'node-gyp rebuild'.
420 error Make sure you have the latest version of node.js and npm installed.
420 error If you do, this is most likely a problem with the ursa package,
420 error not with npm itself.
420 error Tell the author that this fails on your system:
420 error     node-gyp rebuild
420 error You can get information on how to open an issue for this project with:
420 error     npm bugs ursa
420 error Or if that isn't available, you can get their info via:
420 error     npm owner ls ursa
420 error There is likely additional logging output above.
421 verbose exit [ 1, true ]
